<?xml version="1.0" encoding="UTF-8"?>
<!-- Generated by org.testng.reporters.JUnitReportReporter -->
<testsuite skipped="0" hostname="DESKTOP-0705QLA" name="com.qa.tests.GetCitydetailsAPITestCase" tests="1" failures="0" timestamp="07 Oct 2019 12:29:25 GMT" time="4.346" errors="0">
  <testcase name="getAPITest" time="4.346" classname="com.qa.tests.GetCitydetailsAPITestCase"/>
</testsuite> <!-- com.qa.tests.GetCitydetailsAPITestCase -->
